0 info it worked if it ends with ok
1 verbose cli [ 'node', '/usr/local/bin/npm', 'install', '-g', 'jekyll' ]
2 info using npm@2.1.5
3 info using node@v0.10.31
4 silly cache add args [ 'jekyll', null ]
5 verbose cache add spec jekyll
6 silly cache add parsed spec { raw: 'jekyll',
6 silly cache add   scope: null,
6 silly cache add   name: 'jekyll',
6 silly cache add   rawSpec: '',
6 silly cache add   spec: '*',
6 silly cache add   type: 'range' }
7 verbose addNamed jekyll@*
8 silly addNamed semver.valid null
9 silly addNamed semver.validRange *
10 silly addNameRange { name: 'jekyll', range: '*', hasData: false }
11 verbose mapToRegistry name jekyll
12 verbose mapToRegistry uri https://registry.npmjs.org/jekyll
13 verbose addNameRange registry:https://registry.npmjs.org/jekyll not in flight; fetching
14 verbose request on initialization, where is /jekyll
15 verbose request after pass 1, where is /jekyll
16 verbose request url raw /jekyll
17 verbose request resolving registry [ 'https://registry.npmjs.org/', './jekyll' ]
18 verbose request after pass 2, where is https://registry.npmjs.org/jekyll
19 verbose request no auth needed
20 info attempt registry request try #1 at 16:08:03
21 verbose request id e0bef59fe935e1b4
22 http request GET https://registry.npmjs.org/jekyll
23 http 404 https://registry.npmjs.org/jekyll
24 verbose headers { date: 'Wed, 07 Jan 2015 21:08:03 GMT',
24 verbose headers   server: 'CouchDB/1.5.0 (Erlang OTP/R16B03)',
24 verbose headers   'content-type': 'application/json',
24 verbose headers   'cache-control': 'max-age=0',
24 verbose headers   'content-length': '52',
24 verbose headers   'accept-ranges': 'bytes',
24 verbose headers   via: '1.1 varnish',
24 verbose headers   age: '0',
24 verbose headers   'x-served-by': 'cache-atl6226-ATL',
24 verbose headers   'x-cache': 'MISS',
24 verbose headers   'x-cache-hits': '0',
24 verbose headers   'x-timer': 'S1420664883.572224,VS0,VE107',
24 verbose headers   'keep-alive': 'timeout=10, max=50',
24 verbose headers   connection: 'Keep-Alive' }
25 silly registry.get cb [ 404,
25 silly registry.get   { date: 'Wed, 07 Jan 2015 21:08:03 GMT',
25 silly registry.get     server: 'CouchDB/1.5.0 (Erlang OTP/R16B03)',
25 silly registry.get     'content-type': 'application/json',
25 silly registry.get     'cache-control': 'max-age=0',
25 silly registry.get     'content-length': '52',
25 silly registry.get     'accept-ranges': 'bytes',
25 silly registry.get     via: '1.1 varnish',
25 silly registry.get     age: '0',
25 silly registry.get     'x-served-by': 'cache-atl6226-ATL',
25 silly registry.get     'x-cache': 'MISS',
25 silly registry.get     'x-cache-hits': '0',
25 silly registry.get     'x-timer': 'S1420664883.572224,VS0,VE107',
25 silly registry.get     'keep-alive': 'timeout=10, max=50',
25 silly registry.get     connection: 'Keep-Alive' } ]
26 verbose stack Error: 404 Not Found: jekyll
26 verbose stack     at RegClient.<anonymous> (/usr/local/lib/node_modules/npm/node_modules/npm-registry-client/lib/request.js:258:14)
26 verbose stack     at Request._callback (/usr/local/lib/node_modules/npm/node_modules/npm-registry-client/lib/request.js:197:65)
26 verbose stack     at Request.self.callback (/usr/local/lib/node_modules/npm/node_modules/request/request.js:199:22)
26 verbose stack     at Request.emit (events.js:98:17)
26 verbose stack     at Request.<anonymous> (/usr/local/lib/node_modules/npm/node_modules/request/request.js:1160:14)
26 verbose stack     at Request.emit (events.js:117:20)
26 verbose stack     at IncomingMessage.<anonymous> (/usr/local/lib/node_modules/npm/node_modules/request/request.js:1111:12)
26 verbose stack     at IncomingMessage.emit (events.js:117:20)
26 verbose stack     at _stream_readable.js:943:16
26 verbose stack     at process._tickCallback (node.js:419:13)
27 verbose statusCode 404
28 verbose pkgid jekyll
29 verbose cwd /Users/adamkochanowicz/Sites/blog
30 error Darwin 14.1.0
31 error argv "node" "/usr/local/bin/npm" "install" "-g" "jekyll"
32 error node v0.10.31
33 error npm  v2.1.5
34 error code E404
35 error 404 Not Found: jekyll
35 error 404
35 error 404 'jekyll' is not in the npm registry.
35 error 404 You should bug the author to publish it (or use the name yourself!)
35 error 404
35 error 404 Note that you can also install from a
35 error 404 tarball, folder, http url, or git url.
36 verbose exit [ 1, true ]
